<?xml version="1.0" encoding="UTF-8"?>
<testng-results ignored="0" total="2" passed="2" failed="0" skipped="0">
  <reporter-output>
  </reporter-output>
  <suite started-at="2024-03-10T13:03:23 GMT" name="Default suite" finished-at="2024-03-10T13:03:23 GMT" duration-ms="202">
    <groups>
    </groups>
    <test started-at="2024-03-10T13:03:23 GMT" name="Default test" finished-at="2024-03-10T13:03:23 GMT" duration-ms="202">
      <class name="com.HelloTest">
        <test-method is-config="true" signature="beforeTest()[pri:0, instance:com.HelloTest@45752059]" started-at="2024-03-10T13:03:23 GMT" name="beforeTest" finished-at="2024-03-10T13:03:23 GMT" duration-ms="60" status="PASS">
          <reporter-output>
          </reporter-output>
        </test-method> <!-- beforeTest -->
        <test-method signature="f()[pri:0, instance:com.HelloTest@45752059]" started-at="2024-03-10T13:03:23 GMT" name="f" finished-at="2024-03-10T13:03:23 GMT" duration-ms="15" status="PASS">
          <reporter-output>
          </reporter-output>
        </test-method> <!-- f -->
        <test-method signature="f2()[pri:1, instance:com.HelloTest@45752059]" started-at="2024-03-10T13:03:23 GMT" name="f2" finished-at="2024-03-10T13:03:23 GMT" duration-ms="0" status="PASS">
          <reporter-output>
          </reporter-output>
        </test-method> <!-- f2 -->
        <test-method is-config="true" signature="afterTest()[pri:0, instance:com.HelloTest@45752059]" started-at="2024-03-10T13:03:23 GMT" name="afterTest" finished-at="2024-03-10T13:03:23 GMT" duration-ms="0" status="PASS">
          <reporter-output>
          </reporter-output>
        </test-method> <!-- afterTest -->
      </class> <!-- com.HelloTest -->
    </test> <!-- Default test -->
  </suite> <!-- Default suite -->
</testng-results>
